<?xml version="1.0" encoding="UTF-8"?>
<!-- Generated by org.testng.reporters.JUnitReportReporter -->
<testsuite skipped="0" hostname="ADITI-TOSH" name="com.index.GeneralIndex" tests="2" failures="0" timestamp="16 Oct 2018 11:23:55 GMT" time="170.607" errors="0">
  <testcase name="register_med_max" time="102.352" classname="com.index.GeneralIndex"/>
  <testcase name="Login_med_max" time="68.255" classname="com.index.GeneralIndex"/>
</testsuite> <!-- com.index.GeneralIndex -->
